<?xml version="1.0" encoding="UTF-8"?>
<!-- Generated by org.testng.reporters.JUnitXMLReporter -->
<testsuite hostname="LP-5CD9176L77" ignored="0" name=" LiveOakBAnk QA Automation" tests="4" failures="1" timestamp="04 Sep 2019 20:30:25 GMT" time="62.534" errors="0">
  <testcase name="TC_001" time="4.078" classname="com.qa.ING.LiveOakBank_TestScripts.LoginPageOakBank_Test"/>
  <testcase name="TC_002" time="11.968" classname="com.qa.ING.LiveOakBank_TestScripts.LoginPageOakBank_Test">
    <failure type="java.lang.AssertionError" message="null">
      <![CDATA[java.lang.AssertionError: null
at com.qa.ING.LiveOakBank_TestScripts.LoginPageOakBank_Test.TC_002(LoginPageOakBank_Test.java:66)
... Removed 27 stack frames]]>
    </failure>
  </testcase> <!-- TC_002 -->
  <testcase name="TC_003" time="5.847" classname="com.qa.ING.LiveOakBank_TestScripts.LoginPageOakBank_Test"/>
  <testcase name="TC_004" time="5.373" classname="com.qa.ING.LiveOakBank_TestScripts.LoginPageOakBank_Test"/>
</testsuite> <!--  LiveOakBAnk QA Automation -->
