<?xml version="1.0" encoding="UTF-8"?>
<testng-results skipped="0" failed="1" ignored="0" total="4" passed="3">
  <reporter-output>
    <line>
      <![CDATA[Browser is opened]]>
    </line>
    <line>
      <![CDATA[URL is hitted]]>
    </line>
    <line>
      <![CDATA[Browser is opened and url is entered successully]]>
    </line>
  </reporter-output>
  <suite name="com.qa.ING.LiveOakBank_TestScripts.LoginPageOakBank_Test" duration-ms="44923" started-at="2019-09-04T20:31:52Z" finished-at="2019-09-04T20:32:37Z">
    <groups>
    </groups>
    <test name="Command line test" duration-ms="44923" started-at="2019-09-04T20:31:52Z" finished-at="2019-09-04T20:32:37Z">
      <class name="com.qa.ING.LiveOakBank_TestScripts.LoginPageOakBank_Test">
        <test-method status="PASS" signature="setUp()[pri:0, instance:com.qa.ING.LiveOakBank_TestScripts.LoginPageOakBank_Test@396a51ab]" name="setUp" is-config="true" duration-ms="16616" started-at="2019-09-04T20:31:52Z" finished-at="2019-09-04T20:32:09Z">
          <reporter-output>
            <line>
              <![CDATA[Browser is opened]]>
            </line>
            <line>
              <![CDATA[URL is hitted]]>
            </line>
            <line>
              <![CDATA[Browser is opened and url is entered successully]]>
            </line>
          </reporter-output>
        </test-method> <!-- setUp -->
        <test-method status="PASS" signature="TC_001()[pri:0, instance:com.qa.ING.LiveOakBank_TestScripts.LoginPageOakBank_Test@396a51ab]" name="TC_001" duration-ms="4235" started-at="2019-09-04T20:32:09Z" finished-at="2019-09-04T20:32:13Z">
          <reporter-output>
          </reporter-output>
        </test-method> <!-- TC_001 -->
        <test-method status="PASS" signature="getResult(org.testng.ITestResult)[pri:0, instance:com.qa.ING.LiveOakBank_TestScripts.LoginPageOakBank_Test@396a51ab]" name="getResult" is-config="true" duration-ms="9" started-at="2019-09-04T20:32:13Z" finished-at="2019-09-04T20:32:13Z">
          <params>
            <param index="0">
              <value>
                <![CDATA[[TestResult name=TC_001 status=SUCCESS method=LoginPageOakBank_Test.TC_001()[pri:0, instance:com.qa.ING.LiveOakBank_TestScripts.LoginPageOakBank_Test@396a51ab] output={null}]]]>
              </value>
            </param>
          </params>
          <reporter-output>
          </reporter-output>
        </test-method> <!-- getResult -->
        <test-method status="FAIL" signature="TC_002()[pri:0, instance:com.qa.ING.LiveOakBank_TestScripts.LoginPageOakBank_Test@396a51ab]" name="TC_002" duration-ms="9023" started-at="2019-09-04T20:32:13Z" finished-at="2019-09-04T20:32:22Z">
          <exception class="java.lang.AssertionError">
            <message>
              <![CDATA[null]]>
            </message>
            <full-stacktrace>
              <![CDATA[java.lang.AssertionError: null
at org.testng.Assert.fail(Assert.java:96)
at org.testng.Assert.fail(Assert.java:103)
at com.qa.ING.LiveOakBank_TestScripts.LoginPageOakBank_Test.TC_002(LoginPageOakBank_Test.java:66)
at sun.reflect.NativeMethodAccessorImpl.invoke0(Native Method)
at sun.reflect.NativeMethodAccessorImpl.invoke(NativeMethodAccessorImpl.java:62)
at sun.reflect.DelegatingMethodAccessorImpl.invoke(DelegatingMethodAccessorImpl.java:43)
at java.lang.reflect.Method.invoke(Method.java:498)
at org.testng.internal.MethodInvocationHelper.invokeMethod(MethodInvocationHelper.java:124)
at org.testng.internal.Invoker.invokeMethod(Invoker.java:583)
at org.testng.internal.Invoker.invokeTestMethod(Invoker.java:719)
at org.testng.internal.Invoker.invokeTestMethods(Invoker.java:989)
at org.testng.internal.TestMethodWorker.invokeTestMethods(TestMethodWorker.java:125)
at org.testng.internal.TestMethodWorker.run(TestMethodWorker.java:109)
at org.testng.TestRunner.privateRun(TestRunner.java:648)
at org.testng.TestRunner.run(TestRunner.java:505)
at org.testng.SuiteRunner.runTest(SuiteRunner.java:455)
at org.testng.SuiteRunner.runSequentially(SuiteRunner.java:450)
at org.testng.SuiteRunner.privateRun(SuiteRunner.java:415)
at org.testng.SuiteRunner.run(SuiteRunner.java:364)
at org.testng.SuiteRunnerWorker.runSuite(SuiteRunnerWorker.java:52)
at org.testng.SuiteRunnerWorker.run(SuiteRunnerWorker.java:84)
at org.testng.TestNG.runSuitesSequentially(TestNG.java:1208)
at org.testng.TestNG.runSuitesLocally(TestNG.java:1137)
at org.testng.TestNG.runSuites(TestNG.java:1049)
at org.testng.TestNG.run(TestNG.java:1017)
at org.apache.maven.surefire.testng.TestNGExecutor.run(TestNGExecutor.java:77)
at org.apache.maven.surefire.testng.TestNGDirectoryTestSuite.execute(TestNGDirectoryTestSuite.java:110)
at org.apache.maven.surefire.testng.TestNGProvider.invoke(TestNGProvider.java:106)
at sun.reflect.NativeMethodAccessorImpl.invoke0(Native Method)
at sun.reflect.NativeMethodAccessorImpl.invoke(NativeMethodAccessorImpl.java:62)
at sun.reflect.DelegatingMethodAccessorImpl.invoke(DelegatingMethodAccessorImpl.java:43)
at java.lang.reflect.Method.invoke(Method.java:498)
at org.apache.maven.surefire.util.ReflectionUtils.invokeMethodWithArray(ReflectionUtils.java:189)
at org.apache.maven.surefire.booter.ProviderFactory$ProviderProxy.invoke(ProviderFactory.java:165)
at org.apache.maven.surefire.booter.ProviderFactory.invokeProvider(ProviderFactory.java:85)
at org.apache.maven.surefire.booter.ForkedBooter.runSuitesInProcess(ForkedBooter.java:115)
at org.apache.maven.surefire.booter.ForkedBooter.main(ForkedBooter.java:75)
]]>
            </full-stacktrace>
          </exception> <!-- java.lang.AssertionError -->
          <reporter-output>
          </reporter-output>
        </test-method> <!-- TC_002 -->
        <test-method status="PASS" signature="getResult(org.testng.ITestResult)[pri:0, instance:com.qa.ING.LiveOakBank_TestScripts.LoginPageOakBank_Test@396a51ab]" name="getResult" is-config="true" duration-ms="892" started-at="2019-09-04T20:32:22Z" finished-at="2019-09-04T20:32:23Z">
          <params>
            <param index="0">
              <value>
                <![CDATA[[TestResult name=TC_002 status=FAILURE method=LoginPageOakBank_Test.TC_002()[pri:0, instance:com.qa.ING.LiveOakBank_TestScripts.LoginPageOakBank_Test@396a51ab] output={null}]]]>
              </value>
            </param>
          </params>
          <reporter-output>
          </reporter-output>
        </test-method> <!-- getResult -->
        <test-method status="PASS" signature="TC_003()[pri:0, instance:com.qa.ING.LiveOakBank_TestScripts.LoginPageOakBank_Test@396a51ab]" name="TC_003" duration-ms="6194" started-at="2019-09-04T20:32:23Z" description="Fetching personal banking data" finished-at="2019-09-04T20:32:29Z">
          <reporter-output>
          </reporter-output>
        </test-method> <!-- TC_003 -->
        <test-method status="PASS" signature="getResult(org.testng.ITestResult)[pri:0, instance:com.qa.ING.LiveOakBank_TestScripts.LoginPageOakBank_Test@396a51ab]" name="getResult" is-config="true" duration-ms="1" started-at="2019-09-04T20:32:29Z" finished-at="2019-09-04T20:32:29Z">
          <params>
            <param index="0">
              <value>
                <![CDATA[[TestResult name=TC_003 status=SUCCESS method=LoginPageOakBank_Test.TC_003()[pri:0, instance:com.qa.ING.LiveOakBank_TestScripts.LoginPageOakBank_Test@396a51ab] output={null}]]]>
              </value>
            </param>
          </params>
          <reporter-output>
          </reporter-output>
        </test-method> <!-- getResult -->
        <test-method status="PASS" signature="TC_004()[pri:0, instance:com.qa.ING.LiveOakBank_TestScripts.LoginPageOakBank_Test@396a51ab]" name="TC_004" duration-ms="5817" started-at="2019-09-04T20:32:29Z" finished-at="2019-09-04T20:32:35Z">
          <reporter-output>
          </reporter-output>
        </test-method> <!-- TC_004 -->
        <test-method status="PASS" signature="getResult(org.testng.ITestResult)[pri:0, instance:com.qa.ING.LiveOakBank_TestScripts.LoginPageOakBank_Test@396a51ab]" name="getResult" is-config="true" duration-ms="0" started-at="2019-09-04T20:32:35Z" finished-at="2019-09-04T20:32:35Z">
          <params>
            <param index="0">
              <value>
                <![CDATA[[TestResult name=TC_004 status=SUCCESS method=LoginPageOakBank_Test.TC_004()[pri:0, instance:com.qa.ING.LiveOakBank_TestScripts.LoginPageOakBank_Test@396a51ab] output={null}]]]>
              </value>
            </param>
          </params>
          <reporter-output>
          </reporter-output>
        </test-method> <!-- getResult -->
        <test-method status="PASS" signature="endReport()[pri:0, instance:com.qa.ING.LiveOakBank_TestScripts.LoginPageOakBank_Test@396a51ab]" name="endReport" is-config="true" duration-ms="2098" started-at="2019-09-04T20:32:35Z" finished-at="2019-09-04T20:32:37Z">
          <reporter-output>
          </reporter-output>
        </test-method> <!-- endReport -->
      </class> <!-- com.qa.ING.LiveOakBank_TestScripts.LoginPageOakBank_Test -->
    </test> <!-- Command line test -->
  </suite> <!-- com.qa.ING.LiveOakBank_TestScripts.LoginPageOakBank_Test -->
</testng-results>
