<?xml version="1.0" encoding="UTF-8"?>
<!-- Generated by org.testng.reporters.JUnitXMLReporter -->
<testsuite hostname="LP-5CD9176L77" ignored="0" name="loginBankTest" tests="1" failures="1" timestamp="24 Aug 2019 15:58:05 GMT" time="23.754" errors="0">
  <testcase name="writingSubsectionNames" time="2.442" classname="com.qa.ING.TestCases.loginBankTest">
    <failure type="java.lang.AssertionError" message="null">
      <![CDATA[java.lang.AssertionError: null
at com.qa.ING.TestCases.loginBankTest.writingSubsectionNames(loginBankTest.java:37)
... Removed 27 stack frames]]>
    </failure>
  </testcase> <!-- writingSubsectionNames -->
</testsuite> <!-- loginBankTest -->
