<?xml version="1.0" encoding="UTF-8"?>
<!-- Generated by org.testng.reporters.JUnitXMLReporter -->
<testsuite hostname="LP-5CD9176L77" ignored="0" name="Command line test" tests="4" failures="1" timestamp="04 Sep 2019 20:32:37 GMT" time="44.923" errors="0">
  <testcase name="TC_001" time="4.235" classname="com.qa.ING.LiveOakBank_TestScripts.LoginPageOakBank_Test"/>
  <testcase name="TC_002" time="9.023" classname="com.qa.ING.LiveOakBank_TestScripts.LoginPageOakBank_Test">
    <failure type="java.lang.AssertionError" message="null">
      <![CDATA[java.lang.AssertionError: null
at com.qa.ING.LiveOakBank_TestScripts.LoginPageOakBank_Test.TC_002(LoginPageOakBank_Test.java:66)
... Removed 36 stack frames]]>
    </failure>
  </testcase> <!-- TC_002 -->
  <testcase name="TC_003" time="6.194" classname="com.qa.ING.LiveOakBank_TestScripts.LoginPageOakBank_Test"/>
  <testcase name="TC_004" time="5.817" classname="com.qa.ING.LiveOakBank_TestScripts.LoginPageOakBank_Test"/>
</testsuite> <!-- Command line test -->
